This file contains any messages produced by compilers while
running configure, to aid debugging if configure makes a mistake.

It was created by Samtools configure 1.5, which was
generated by GNU Autoconf 2.68.  Invocation command line was

  $ ./configure --without-curses --disable-bz2 --disable-lzma

## --------- ##
## Platform. ##
## --------- ##

hostname = europa00
uname -m = x86_64
uname -r = 4.18.0-15-generic
uname -s = Linux
uname -v = #16~18.04.1-Ubuntu SMP Thu Feb 7 14:06:04 UTC 2019

/usr/bin/uname -p = unknown
/bin/uname -X     = unknown

/bin/arch              = unknown
/usr/bin/arch -k       = unknown
/usr/convex/getsysinfo = unknown
/usr/bin/hostinfo      = unknown
/bin/machine           = unknown
/usr/bin/oslevel       = unknown
/bin/universe          = unknown

PATH: /home/jbkim/bin
PATH: /usr/torque/sbin
PATH: /usr/torque/bin
PATH: /usr/local/jspcmds
PATH: .
PATH: /home/jbkim
PATH: /usr/local/sbin
PATH: /usr/local/bin
PATH: /usr/sbin
PATH: /usr/bin
PATH: /sbin
PATH: /bin
PATH: /usr/games
PATH: /usr/local/games
PATH: /snap/bin
PATH: /opt/dell/srvadmin/bin
PATH: /usr/local/jre1.8.0_211/bin
PATH: /mss1/programs/europa/bin


## ----------- ##
## Core tests. ##
## ----------- ##

configure:2152: checking for gcc
configure:2168: found /usr/bin/gcc
configure:2179: result: gcc
configure:2408: checking for C compiler version
configure:2417: gcc --version >&5
gcc (Ubuntu 7.4.0-1ubuntu1~18.04) 7.4.0
Copyright (C) 2017 Free Software Foundation, Inc.
This is free software; see the source for copying conditions.  There is NO
warranty; not even for MERCHANTABILITY or FITNESS FOR A PARTICULAR PURPOSE.

configure:2428: $? = 0
configure:2417: gcc -v >&5
Using built-in specs.
COLLECT_GCC=gcc
COLLECT_LTO_WRAPPER=/usr/lib/gcc/x86_64-linux-gnu/7/lto-wrapper
OFFLOAD_TARGET_NAMES=nvptx-none
OFFLOAD_TARGET_DEFAULT=1
Target: x86_64-linux-gnu
Configured with: ../src/configure -v --with-pkgversion='Ubuntu 7.4.0-1ubuntu1~18.04' --with-bugurl=file:///usr/share/doc/gcc-7/README.Bugs --enable-languages=c,ada,c++,go,brig,d,fortran,objc,obj-c++ --prefix=/usr --with-gcc-major-version-only --program-suffix=-7 --program-prefix=x86_64-linux-gnu- --enable-shared --enable-linker-build-id --libexecdir=/usr/lib --without-included-gettext --enable-threads=posix --libdir=/usr/lib --enable-nls --with-sysroot=/ --enable-clocale=gnu --enable-libstdcxx-debug --enable-libstdcxx-time=yes --with-default-libstdcxx-abi=new --enable-gnu-unique-object --disable-vtable-verify --enable-libmpx --enable-plugin --enable-default-pie --with-system-zlib --with-target-system-zlib --enable-objc-gc=auto --enable-multiarch --disable-werror --with-arch-32=i686 --with-abi=m64 --with-multilib-list=m32,m64,mx32 --enable-multilib --with-tune=generic --enable-offload-targets=nvptx-none --without-cuda-driver --enable-checking=release --build=x86_64-linux-gnu --host=x86_64-linux-gnu --target=x86_64-linux-gnu
Thread model: posix
gcc version 7.4.0 (Ubuntu 7.4.0-1ubuntu1~18.04) 
configure:2428: $? = 0
configure:2417: gcc -V >&5
gcc: error: unrecognized command line option '-V'
gcc: fatal error: no input files
compilation terminated.
configure:2428: $? = 1
configure:2417: gcc -qversion >&5
gcc: error: unrecognized command line option '-qversion'; did you mean '--version'?
gcc: fatal error: no input files
compilation terminated.
configure:2428: $? = 1
configure:2448: checking whether the C compiler works
configure:2470: gcc    conftest.c  >&5
configure:2474: $? = 0
configure:2522: result: yes
configure:2525: checking for C compiler default output file name
configure:2527: result: a.out
configure:2533: checking for suffix of executables
configure:2540: gcc -o conftest    conftest.c  >&5
configure:2544: $? = 0
configure:2566: result: 
configure:2588: checking whether we are cross compiling
configure:2596: gcc -o conftest    conftest.c  >&5
configure:2600: $? = 0
configure:2607: ./conftest
configure:2611: $? = 0
configure:2626: result: no
configure:2631: checking for suffix of object files
configure:2653: gcc -c   conftest.c >&5
configure:2657: $? = 0
configure:2678: result: o
configure:2682: checking whether we are using the GNU C compiler
configure:2701: gcc -c   conftest.c >&5
configure:2701: $? = 0
configure:2710: result: yes
configure:2719: checking whether gcc accepts -g
configure:2739: gcc -c -g  conftest.c >&5
configure:2739: $? = 0
configure:2780: result: yes
configure:2797: checking for gcc option to accept ISO C89
configure:2861: gcc  -c -g -O2  conftest.c >&5
configure:2861: $? = 0
configure:2874: result: none needed
configure:2903: checking for special C compiler options needed for large files
configure:2948: result: no
configure:2954: checking for _FILE_OFFSET_BITS value needed for large files
configure:2979: gcc -c -g -O2  conftest.c >&5
configure:2979: $? = 0
configure:3011: result: no
configure:3144: checking location of HTSlib source tree
configure:3165: result: htslib-1.5
configure:4135: checking for zlib.h
configure:4135: gcc -c -g -O2  conftest.c >&5
configure:4135: $? = 0
configure:4135: result: yes
configure:4144: checking for inflate in -lz
configure:4169: gcc -o conftest -g -O2   conftest.c -lz   >&5
configure:4169: $? = 0
configure:4178: result: yes
configure:4320: creating ./config.status

## ---------------------- ##
## Running config.status. ##
## ---------------------- ##

This file was extended by Samtools config.status 1.5, which was
generated by GNU Autoconf 2.68.  Invocation command line was

  CONFIG_FILES    = 
  CONFIG_HEADERS  = 
  CONFIG_LINKS    = 
  CONFIG_COMMANDS = 
  $ ./config.status 

on europa00

config.status:806: creating config.mk
config.status:806: creating config.h
config.status:976: config.h is unchanged
configure:5557: === configuring in htslib-1.5 (/home/jbkim/projects/RACA2_project/RACA2.2.next/util/samtools-1.5/htslib-1.5)
configure:5620: running /bin/bash ./configure --disable-option-checking '--prefix=/usr/local'  '--without-curses' '--disable-bz2' '--disable-lzma' --cache-file=/dev/null --srcdir=.

## ---------------- ##
## Cache variables. ##
## ---------------- ##

ac_cv_c_compiler_gnu=yes
ac_cv_env_CC_set=
ac_cv_env_CC_value=
ac_cv_env_CFLAGS_set=
ac_cv_env_CFLAGS_value=
ac_cv_env_CPPFLAGS_set=
ac_cv_env_CPPFLAGS_value=
ac_cv_env_CURSES_LIB_set=
ac_cv_env_CURSES_LIB_value=
ac_cv_env_LDFLAGS_set=
ac_cv_env_LDFLAGS_value=
ac_cv_env_LIBS_set=
ac_cv_env_LIBS_value=
ac_cv_env_build_alias_set=
ac_cv_env_build_alias_value=
ac_cv_env_host_alias_set=
ac_cv_env_host_alias_value=
ac_cv_env_target_alias_set=
ac_cv_env_target_alias_value=
ac_cv_header_zlib_h=yes
ac_cv_lib_z_inflate=yes
ac_cv_objext=o
ac_cv_prog_ac_ct_CC=gcc
ac_cv_prog_cc_c89=
ac_cv_prog_cc_g=yes
ac_cv_sys_file_offset_bits=no
ac_cv_sys_largefile_CC=no
ax_cv_htslib=yes
ax_cv_htslib_which=source

## ----------------- ##
## Output variables. ##
## ----------------- ##

CC='gcc'
CFLAGS='-g -O2'
CPPFLAGS=''
CURSES_CPPFLAGS=''
CURSES_LIB=''
DEFS='-DHAVE_CONFIG_H'
ECHO_C=''
ECHO_N='-n'
ECHO_T=''
EXEEXT=''
HTSDIR='htslib-1.5'
HTSLIB_CPPFLAGS='-Ihtslib-1.5'
HTSLIB_LDFLAGS='-Lhtslib-1.5'
Hinstall='#'
Hsource=''
LDFLAGS=''
LIBOBJS=''
LIBS=''
LTLIBOBJS=''
OBJEXT='o'
PACKAGE_BUGREPORT='samtools-help@lists.sourceforge.net'
PACKAGE_NAME='Samtools'
PACKAGE_STRING='Samtools 1.5'
PACKAGE_TARNAME='samtools'
PACKAGE_URL='http://www.htslib.org/'
PACKAGE_VERSION='1.5'
PATH_SEPARATOR=':'
SHELL='/bin/bash'
ac_ct_CC='gcc'
bindir='${exec_prefix}/bin'
build_alias=''
datadir='${datarootdir}'
datarootdir='${prefix}/share'
docdir='${datarootdir}/doc/${PACKAGE_TARNAME}'
dvidir='${docdir}'
exec_prefix='${prefix}'
host_alias=''
htmldir='${docdir}'
includedir='${prefix}/include'
infodir='${datarootdir}/info'
libdir='${exec_prefix}/lib'
libexecdir='${exec_prefix}/libexec'
localedir='${datarootdir}/locale'
localstatedir='${prefix}/var'
mandir='${datarootdir}/man'
oldincludedir='/usr/include'
pdfdir='${docdir}'
prefix='/usr/local'
program_transform_name='s,x,x,'
psdir='${docdir}'
sbindir='${exec_prefix}/sbin'
sharedstatedir='${prefix}/com'
subdirs=' htslib-1.5'
sysconfdir='${prefix}/etc'
target_alias=''

## ----------- ##
## confdefs.h. ##
## ----------- ##

/* confdefs.h */
#define PACKAGE_NAME "Samtools"
#define PACKAGE_TARNAME "samtools"
#define PACKAGE_VERSION "1.5"
#define PACKAGE_STRING "Samtools 1.5"
#define PACKAGE_BUGREPORT "samtools-help@lists.sourceforge.net"
#define PACKAGE_URL "http://www.htslib.org/"
#define HAVE_LIBZ 1

configure: exit 0
